<?xml version="1.0" encoding="UTF-8"?>
<testsuite name="com.xp.tdd.MyServiceTest" tests="1" skipped="0" failures="0" errors="0" timestamp="2020-02-21T04:57:20" hostname="rfangs-MBP-15" time="0.001">
  <properties/>
  <testcase name="testFake" classname="com.xp.tdd.MyServiceTest" time="0.001"/>
  <system-out><![CDATA[]]></system-out>
  <system-err><![CDATA[]]></system-err>
</testsuite>
